<?xml version="1.0" encoding="UTF-8"?>
<testsuite xmlns:xsi="http://www.w3.org/2001/XMLSchema-instance" xsi:noNamespaceSchemaLocation="https://maven.apache.org/surefire/maven-surefire-plugin/xsd/surefire-test-report.xsd" version="3.0.2" name="com.softserve.academy.HW_09_UnitTesting.task2.NumberAnalysisTest" time="0.093" tests="13" errors="0" skipped="0" failures="0">
  <properties>
[...]
</properties>
  <testcase name="testFindAverageEmptyList" classname="com.softserve.academy.HW_09_UnitTesting.task2.NumberAnalysisTest" time="0.008"/>
  <testcase name="testSortNumbers" classname="com.softserve.academy.HW_09_UnitTesting.task2.NumberAnalysisTest" time="0.003"/>
  <testcase name="testFindMax" classname="com.softserve.academy.HW_09_UnitTesting.task2.NumberAnalysisTest" time="0.0"/>
  <testcase name="testFindMin" classname="com.softserve.academy.HW_09_UnitTesting.task2.NumberAnalysisTest" time="0.016"/>
  <testcase name="testGenerateRandomNumbersSize" classname="com.softserve.academy.HW_09_UnitTesting.task2.NumberAnalysisTest" time="0.0"/>
  <testcase name="testFindAverage" classname="com.softserve.academy.HW_09_UnitTesting.task2.NumberAnalysisTest" time="0.0"/>
  <testcase name="testFindMaxEmptyList" classname="com.softserve.academy.HW_09_UnitTesting.task2.NumberAnalysisTest" time="0.015"/>
  <testcase name="testFindMinEmptyList" classname="com.softserve.academy.HW_09_UnitTesting.task2.NumberAnalysisTest" time="0.0"/>
  <testcase name="testContainsNumberTrue" classname="com.softserve.academy.HW_09_UnitTesting.task2.NumberAnalysisTest" time="0.002"/>
  <testcase name="testGenerateRandomNumbersRange" classname="com.softserve.academy.HW_09_UnitTesting.task2.NumberAnalysisTest" time="0.0"/>
  <testcase name="testRemoveEvenNumbers" classname="com.softserve.academy.HW_09_UnitTesting.task2.NumberAnalysisTest" time="0.0"/>
  <testcase name="testContainsNumberAfterRemoval" classname="com.softserve.academy.HW_09_UnitTesting.task2.NumberAnalysisTest" time="0.015"/>
  <testcase name="testContainsNumberFalse" classname="com.softserve.academy.HW_09_UnitTesting.task2.NumberAnalysisTest" time="0.0"/>
</testsuite>